0 info it worked if it ends with ok
1 verbose cli [ '/usr/local/bin/node', '/usr/local/bin/npm', 'run', 'local' ]
2 info using npm@3.3.6
3 info using node@v5.0.0
4 verbose run-script [ 'prelocal', 'local', 'postlocal' ]
5 info lifecycle the-ground-up-rr@1.0.0~prelocal: the-ground-up-rr@1.0.0
6 silly lifecycle the-ground-up-rr@1.0.0~prelocal: no script for prelocal, continuing
7 info lifecycle the-ground-up-rr@1.0.0~local: the-ground-up-rr@1.0.0
8 verbose lifecycle the-ground-up-rr@1.0.0~local: unsafe-perm in lifecycle true
9 verbose lifecycle the-ground-up-rr@1.0.0~local: PATH: /usr/local/lib/node_modules/npm/bin/node-gyp-bin:/Users/bryan.baker/Code/viewtube/node_modules/.bin:/usr/bin:/bin:/usr/sbin:/sbin:/usr/local/bin
10 verbose lifecycle the-ground-up-rr@1.0.0~local: CWD: /Users/bryan.baker/Code/viewtube
11 silly lifecycle the-ground-up-rr@1.0.0~local: Args: [ '-c', 'webpack-dev-server' ]
12 silly lifecycle the-ground-up-rr@1.0.0~local: Returned: code: 1  signal: null
13 info lifecycle the-ground-up-rr@1.0.0~local: Failed to exec local script
14 verbose stack Error: the-ground-up-rr@1.0.0 local: `webpack-dev-server`
14 verbose stack Exit status 1
14 verbose stack     at EventEmitter.<anonymous> (/usr/local/lib/node_modules/npm/lib/utils/lifecycle.js:233:16)
14 verbose stack     at emitTwo (events.js:87:13)
14 verbose stack     at EventEmitter.emit (events.js:172:7)
14 verbose stack     at ChildProcess.<anonymous> (/usr/local/lib/node_modules/npm/lib/utils/spawn.js:24:14)
14 verbose stack     at emitTwo (events.js:87:13)
14 verbose stack     at ChildProcess.emit (events.js:172:7)
14 verbose stack     at maybeClose (internal/child_process.js:818:16)
14 verbose stack     at Process.ChildProcess._handle.onexit (internal/child_process.js:211:5)
15 verbose pkgid the-ground-up-rr@1.0.0
16 verbose cwd /Users/bryan.baker/Code/viewtube
17 error Darwin 15.4.0
18 error argv "/usr/local/bin/node" "/usr/local/bin/npm" "run" "local"
19 error node v5.0.0
20 error npm  v3.3.6
21 error code ELIFECYCLE
22 error the-ground-up-rr@1.0.0 local: `webpack-dev-server`
22 error Exit status 1
23 error Failed at the the-ground-up-rr@1.0.0 local script 'webpack-dev-server'.
23 error This is most likely a problem with the the-ground-up-rr package,
23 error not with npm itself.
23 error Tell the author that this fails on your system:
23 error     webpack-dev-server
23 error You can get their info via:
23 error     npm owner ls the-ground-up-rr
23 error There is likely additional logging output above.
24 verbose exit [ 1, true ]
